2026-05-06 16:56:47 [ERROR] yfinance: HTTP Error 404: {"quoteSummary":{"result":null,"error":{"code":"Not Found","description":"Quote not found for symbol: EURUSD"}}}
2026-05-06 16:56:48 [ERROR] yfinance: $EURUSD: possibly delisted; no price data found  (period=60d) (Yahoo error = "No data found, symbol may be delisted")
2026-05-06 16:56:48 [ERROR] yfinance: 
1 Failed download:
2026-05-06 16:56:48 [ERROR] yfinance: ['EURUSD']: possibly delisted; no price data found  (period=60d) (Yahoo error = "No data found, symbol may be delisted")
2026-05-06 16:56:50 [ERROR] yfinance: HTTP Error 404: {"quoteSummary":{"result":null,"error":{"code":"Not Found","description":"Quote not found for symbol: GBPUSD"}}}
2026-05-06 16:56:51 [ERROR] yfinance: $GBPUSD: possibly delisted; no price data found  (period=60d) (Yahoo error = "No data found, symbol may be delisted")
2026-05-06 16:56:51 [ERROR] yfinance: 
1 Failed download:
2026-05-06 16:56:51 [ERROR] yfinance: ['GBPUSD']: possibly delisted; no price data found  (period=60d) (Yahoo error = "No data found, symbol may be delisted")
2026-05-06 16:56:52 [ERROR] yfinance: $USDJPY: possibly delisted; no price data found  (period=60d) (Yahoo error = "No data found, symbol may be delisted")
2026-05-06 16:56:52 [ERROR] yfinance: 
1 Failed download:
2026-05-06 16:56:52 [ERROR] yfinance: ['USDJPY']: possibly delisted; no price data found  (period=60d) (Yahoo error = "No data found, symbol may be delisted")
2026-05-06 16:56:54 [ERROR] yfinance: $AUDUSD: possibly delisted; no price data found  (period=60d) (Yahoo error = "No data found, symbol may be delisted")
2026-05-06 16:56:54 [ERROR] yfinance: 
1 Failed download:
2026-05-06 16:56:54 [ERROR] yfinance: ['AUDUSD']: possibly delisted; no price data found  (period=60d) (Yahoo error = "No data found, symbol may be delisted")
2026-05-06 16:56:56 [ERROR] yfinance: $USDCAD: possibly delisted; no price data found  (period=60d) (Yahoo error = "No data found, symbol may be delisted")
2026-05-06 16:56:56 [ERROR] yfinance: 
1 Failed download:
2026-05-06 16:56:56 [ERROR] yfinance: ['USDCAD']: possibly delisted; no price data found  (period=60d) (Yahoo error = "No data found, symbol may be delisted")
2026-05-06 16:57:00 [ERROR] yfinance: $NZDUSD: possibly delisted; no price data found  (period=60d) (Yahoo error = "No data found, symbol may be delisted")
2026-05-06 16:57:00 [ERROR] yfinance: 
1 Failed download:
2026-05-06 16:57:00 [ERROR] yfinance: ['NZDUSD']: possibly delisted; no price data found  (period=60d) (Yahoo error = "No data found, symbol may be delisted")
2026-05-06 18:37:22 [ERROR] yfinance: HTTP Error 404: {"quoteSummary":{"result":null,"error":{"code":"Not Found","description":"Quote not found for symbol: EURUSD"}}}
2026-05-06 18:37:23 [ERROR] yfinance: $EURUSD: possibly delisted; no price data found  (period=60d) (Yahoo error = "No data found, symbol may be delisted")
2026-05-06 18:37:23 [ERROR] yfinance: 
1 Failed download:
2026-05-06 18:37:23 [ERROR] yfinance: ['EURUSD']: possibly delisted; no price data found  (period=60d) (Yahoo error = "No data found, symbol may be delisted")
2026-05-06 18:37:25 [ERROR] yfinance: HTTP Error 404: {"quoteSummary":{"result":null,"error":{"code":"Not Found","description":"Quote not found for symbol: GBPUSD"}}}
2026-05-06 18:37:26 [ERROR] yfinance: $GBPUSD: possibly delisted; no price data found  (period=60d) (Yahoo error = "No data found, symbol may be delisted")
2026-05-06 18:37:26 [ERROR] yfinance: 
1 Failed download:
2026-05-06 18:37:26 [ERROR] yfinance: ['GBPUSD']: possibly delisted; no price data found  (period=60d) (Yahoo error = "No data found, symbol may be delisted")
2026-05-06 18:37:27 [ERROR] yfinance: $USDJPY: possibly delisted; no price data found  (period=60d) (Yahoo error = "No data found, symbol may be delisted")
2026-05-06 18:37:27 [ERROR] yfinance: 
1 Failed download:
2026-05-06 18:37:27 [ERROR] yfinance: ['USDJPY']: possibly delisted; no price data found  (period=60d) (Yahoo error = "No data found, symbol may be delisted")
2026-05-06 18:37:29 [ERROR] yfinance: $AUDUSD: possibly delisted; no price data found  (period=60d) (Yahoo error = "No data found, symbol may be delisted")
2026-05-06 18:37:29 [ERROR] yfinance: 
1 Failed download:
2026-05-06 18:37:29 [ERROR] yfinance: ['AUDUSD']: possibly delisted; no price data found  (period=60d) (Yahoo error = "No data found, symbol may be delisted")
2026-05-06 18:37:30 [ERROR] yfinance: $USDCAD: possibly delisted; no price data found  (period=60d) (Yahoo error = "No data found, symbol may be delisted")
2026-05-06 18:37:30 [ERROR] yfinance: 
1 Failed download:
2026-05-06 18:37:30 [ERROR] yfinance: ['USDCAD']: possibly delisted; no price data found  (period=60d) (Yahoo error = "No data found, symbol may be delisted")
2026-05-06 18:37:32 [ERROR] yfinance: $NZDUSD: possibly delisted; no price data found  (period=60d) (Yahoo error = "No data found, symbol may be delisted")
2026-05-06 18:37:32 [ERROR] yfinance: 
1 Failed download:
2026-05-06 18:37:32 [ERROR] yfinance: ['NZDUSD']: possibly delisted; no price data found  (period=60d) (Yahoo error = "No data found, symbol may be delisted")
2026-05-06 18:38:26 [INFO] src.utils.data_loader: Mapping symbol EURUSD -> EURUSD=X for yfinance
2026-05-06 18:38:28 [INFO] src.utils.data_loader: Cached 5621 rows to data\EURUSD_M15.csv
2026-05-06 18:38:47 [INFO] src.utils.data_loader: Loading cached data from data\EURUSD_M15.csv
2026-05-06 18:38:47 [INFO] src.utils.data_loader: Mapping symbol GBPUSD -> GBPUSD=X for yfinance
2026-05-06 18:38:49 [INFO] src.utils.data_loader: Cached 5621 rows to data\GBPUSD_M15.csv
2026-05-06 18:38:49 [INFO] src.utils.data_loader: Mapping symbol USDJPY -> USDJPY=X for yfinance
2026-05-06 18:38:50 [INFO] src.utils.data_loader: Cached 5607 rows to data\USDJPY_M15.csv
2026-05-06 18:38:50 [INFO] src.utils.data_loader: Mapping symbol AUDUSD -> AUDUSD=X for yfinance
2026-05-06 18:38:51 [INFO] src.utils.data_loader: Cached 5634 rows to data\AUDUSD_M15.csv
2026-05-06 18:38:51 [INFO] src.utils.data_loader: Mapping symbol USDCAD -> USDCAD=X for yfinance
2026-05-06 18:38:52 [INFO] src.utils.data_loader: Cached 5620 rows to data\USDCAD_M15.csv
2026-05-06 18:38:52 [INFO] src.utils.data_loader: Mapping symbol NZDUSD -> NZDUSD=X for yfinance
2026-05-06 18:38:53 [INFO] src.utils.data_loader: Cached 5638 rows to data\NZDUSD_M15.csv
2026-05-06 18:39:09 [INFO] src.utils.data_loader: Loading cached data from data\EURUSD_M15.csv
2026-05-06 18:39:09 [INFO] src.utils.data_loader: Loading cached data from data\EURUSD_M15.csv
2026-05-06 18:39:09 [INFO] src.utils.data_loader: Loading cached data from data\GBPUSD_M15.csv
2026-05-06 18:39:09 [INFO] src.utils.data_loader: Loading cached data from data\GBPUSD_M15.csv
2026-05-06 18:39:10 [INFO] src.utils.data_loader: Loading cached data from data\USDJPY_M15.csv
2026-05-06 18:39:10 [INFO] src.utils.data_loader: Loading cached data from data\USDJPY_M15.csv
2026-05-06 18:39:10 [INFO] src.utils.data_loader: Loading cached data from data\AUDUSD_M15.csv
2026-05-06 18:39:10 [INFO] src.utils.data_loader: Loading cached data from data\AUDUSD_M15.csv
2026-05-06 18:39:11 [INFO] src.utils.data_loader: Loading cached data from data\USDCAD_M15.csv
2026-05-06 18:39:11 [INFO] src.utils.data_loader: Loading cached data from data\USDCAD_M15.csv
2026-05-06 18:39:11 [INFO] src.utils.data_loader: Loading cached data from data\NZDUSD_M15.csv
2026-05-06 18:39:11 [INFO] src.utils.data_loader: Loading cached data from data\NZDUSD_M15.csv
2026-05-06 18:39:41 [INFO] src.utils.data_loader: Loading cached data from data\EURUSD_M15.csv
2026-05-06 18:39:41 [INFO] src.utils.data_loader: Loading cached data from data\EURUSD_M15.csv
2026-05-06 18:39:41 [INFO] src.utils.data_loader: Loading cached data from data\GBPUSD_M15.csv
2026-05-06 18:39:41 [INFO] src.utils.data_loader: Loading cached data from data\GBPUSD_M15.csv
2026-05-06 18:39:42 [INFO] src.utils.data_loader: Loading cached data from data\USDJPY_M15.csv
2026-05-06 18:39:42 [INFO] src.utils.data_loader: Loading cached data from data\USDJPY_M15.csv
2026-05-06 18:39:42 [INFO] src.utils.data_loader: Loading cached data from data\AUDUSD_M15.csv
2026-05-06 18:39:42 [INFO] src.utils.data_loader: Loading cached data from data\AUDUSD_M15.csv
2026-05-06 18:39:43 [INFO] src.utils.data_loader: Loading cached data from data\USDCAD_M15.csv
2026-05-06 18:39:43 [INFO] src.utils.data_loader: Loading cached data from data\USDCAD_M15.csv
2026-05-06 18:39:43 [INFO] src.utils.data_loader: Loading cached data from data\NZDUSD_M15.csv
2026-05-06 18:39:43 [INFO] src.utils.data_loader: Loading cached data from data\NZDUSD_M15.csv
2026-05-06 18:40:10 [INFO] src.utils.data_loader: Loading cached data from data\EURUSD_M15.csv
2026-05-06 18:40:10 [INFO] src.utils.data_loader: Loading cached data from data\GBPUSD_M15.csv
2026-05-06 18:40:10 [INFO] src.utils.data_loader: Loading cached data from data\USDJPY_M15.csv
2026-05-06 18:40:10 [INFO] src.utils.data_loader: Loading cached data from data\AUDUSD_M15.csv
2026-05-06 18:40:10 [INFO] src.utils.data_loader: Loading cached data from data\USDCAD_M15.csv
2026-05-06 18:40:10 [INFO] src.utils.data_loader: Loading cached data from data\NZDUSD_M15.csv
2026-05-06 18:40:23 [INFO] src.utils.data_loader: Loading cached data from data\EURUSD_M15.csv
2026-05-06 18:40:23 [INFO] src.utils.data_loader: Loading cached data from data\GBPUSD_M15.csv
2026-05-06 18:40:36 [INFO] src.utils.data_loader: Loading cached data from data\EURUSD_M15.csv
2026-05-06 18:40:36 [INFO] src.utils.data_loader: Loading cached data from data\GBPUSD_M15.csv
2026-05-06 18:40:36 [INFO] src.utils.data_loader: Loading cached data from data\USDJPY_M15.csv
2026-05-06 18:40:36 [INFO] src.utils.data_loader: Loading cached data from data\AUDUSD_M15.csv
2026-05-06 18:40:36 [INFO] src.utils.data_loader: Loading cached data from data\USDCAD_M15.csv
2026-05-06 18:40:36 [INFO] src.utils.data_loader: Loading cached data from data\NZDUSD_M15.csv
2026-05-06 18:40:48 [INFO] src.utils.data_loader: Loading cached data from data\EURUSD_M15.csv
2026-05-06 18:40:48 [INFO] src.utils.data_loader: Loading cached data from data\EURUSD_M15.csv
2026-05-06 18:40:48 [INFO] src.utils.data_loader: Loading cached data from data\GBPUSD_M15.csv
2026-05-06 18:40:48 [INFO] src.utils.data_loader: Loading cached data from data\GBPUSD_M15.csv
2026-05-06 18:40:49 [INFO] src.utils.data_loader: Loading cached data from data\USDJPY_M15.csv
2026-05-06 18:40:49 [INFO] src.utils.data_loader: Loading cached data from data\USDJPY_M15.csv
2026-05-06 18:40:49 [INFO] src.utils.data_loader: Loading cached data from data\AUDUSD_M15.csv
2026-05-06 18:40:49 [INFO] src.utils.data_loader: Loading cached data from data\AUDUSD_M15.csv
2026-05-06 18:40:50 [INFO] src.utils.data_loader: Loading cached data from data\USDCAD_M15.csv
2026-05-06 18:40:50 [INFO] src.utils.data_loader: Loading cached data from data\USDCAD_M15.csv
2026-05-06 18:40:50 [INFO] src.utils.data_loader: Loading cached data from data\NZDUSD_M15.csv
2026-05-06 18:40:50 [INFO] src.utils.data_loader: Loading cached data from data\NZDUSD_M15.csv
2026-05-06 18:41:16 [INFO] src.utils.data_loader: Loading cached data from data\EURUSD_M15.csv
2026-05-06 18:41:16 [INFO] src.utils.data_loader: Loading cached data from data\EURUSD_M15.csv
2026-05-06 18:41:49 [INFO] src.utils.data_loader: Loading cached data from data\EURUSD_M15.csv
2026-05-06 18:41:49 [INFO] src.utils.data_loader: Loading cached data from data\EURUSD_M15.csv
2026-05-06 18:41:49 [INFO] src.utils.data_loader: Loading cached data from data\GBPUSD_M15.csv
2026-05-06 18:41:49 [INFO] src.utils.data_loader: Loading cached data from data\GBPUSD_M15.csv
2026-05-06 18:41:50 [INFO] src.utils.data_loader: Loading cached data from data\USDJPY_M15.csv
2026-05-06 18:41:50 [INFO] src.utils.data_loader: Loading cached data from data\USDJPY_M15.csv
2026-05-06 18:42:12 [INFO] src.utils.data_loader: Loading cached data from data\EURUSD_M15.csv
2026-05-06 18:43:15 [INFO] src.utils.data_loader: Loading cached data from data\EURUSD_M15.csv
2026-05-06 18:43:35 [INFO] src.utils.data_loader: Loading cached data from data\EURUSD_M15.csv
2026-05-06 18:43:48 [INFO] src.utils.data_loader: Mapping symbol EURUSD -> EURUSD=X for yfinance
2026-05-06 18:43:49 [INFO] src.utils.data_loader: Cached 16858 rows to data\EURUSD_M5.csv
2026-05-06 18:43:49 [INFO] src.utils.data_loader: Mapping symbol GBPUSD -> GBPUSD=X for yfinance
2026-05-06 18:43:51 [INFO] src.utils.data_loader: Cached 16858 rows to data\GBPUSD_M5.csv
2026-05-06 18:43:51 [INFO] src.utils.data_loader: Mapping symbol USDJPY -> USDJPY=X for yfinance
2026-05-06 18:43:52 [INFO] src.utils.data_loader: Cached 16813 rows to data\USDJPY_M5.csv
2026-05-06 18:43:52 [INFO] src.utils.data_loader: Mapping symbol AUDUSD -> AUDUSD=X for yfinance
2026-05-06 18:43:53 [INFO] src.utils.data_loader: Cached 16894 rows to data\AUDUSD_M5.csv
2026-05-06 18:43:53 [INFO] src.utils.data_loader: Mapping symbol USDCAD -> USDCAD=X for yfinance
2026-05-06 18:43:54 [INFO] src.utils.data_loader: Cached 16835 rows to data\USDCAD_M5.csv
2026-05-06 18:43:54 [INFO] src.utils.data_loader: Mapping symbol NZDUSD -> NZDUSD=X for yfinance
2026-05-06 18:43:55 [INFO] src.utils.data_loader: Cached 16905 rows to data\NZDUSD_M5.csv
2026-05-06 18:44:10 [INFO] src.utils.data_loader: Loading cached data from data\EURUSD_M5.csv
2026-05-06 18:44:12 [WARNING] src.models.train_ensemble: Not enough data for walk-forward; using a single 70/15/15 split
2026-05-06 18:44:34 [INFO] src.utils.data_loader: Loading cached data from data\EURUSD_M5.csv
2026-05-06 18:44:36 [WARNING] src.models.train_ensemble: Not enough data for walk-forward; using a single 70/15/15 split
2026-05-06 18:44:36 [INFO] src.models.train_ensemble: Fold 0: train [2026-02-12 07:35:00..2026-05-05 16:25:00] val [2026-05-05 16:25:00..2026-05-06 05:20:00] test [2026-05-06 05:20:00..2026-05-06 17:00:00]
2026-05-06 18:44:58 [INFO] src.models.lightgbm_model: Bayesian-tuned params: {'num_leaves': 127, 'learning_rate': 0.2, 'feature_fraction': 1.0, 'bagging_fraction': 0.8311793265943592, 'min_data_in_leaf': 10}
2026-05-06 18:44:59 [INFO] src.models.train_ensemble: Fold 0 AUC test = 0.2857
2026-05-06 18:47:32 [INFO] src.utils.data_loader: Loading cached data from data\EURUSD_M15.csv
2026-05-06 18:47:32 [INFO] src.utils.data_loader: Loading cached data from data\EURUSD_M15.csv
2026-05-06 18:47:33 [INFO] src.utils.data_loader: Loading cached data from data\GBPUSD_M15.csv
2026-05-06 18:47:33 [INFO] src.utils.data_loader: Loading cached data from data\GBPUSD_M15.csv
2026-05-06 18:47:33 [INFO] src.utils.data_loader: Loading cached data from data\USDJPY_M15.csv
2026-05-06 18:47:33 [INFO] src.utils.data_loader: Loading cached data from data\USDJPY_M15.csv
2026-05-06 18:47:34 [INFO] src.utils.data_loader: Loading cached data from data\AUDUSD_M15.csv
2026-05-06 18:47:34 [INFO] src.utils.data_loader: Loading cached data from data\AUDUSD_M15.csv
2026-05-06 18:47:34 [INFO] src.utils.data_loader: Loading cached data from data\USDCAD_M15.csv
2026-05-06 18:47:34 [INFO] src.utils.data_loader: Loading cached data from data\USDCAD_M15.csv
2026-05-06 18:47:35 [INFO] src.utils.data_loader: Loading cached data from data\NZDUSD_M15.csv
2026-05-06 18:47:35 [INFO] src.utils.data_loader: Loading cached data from data\NZDUSD_M15.csv
2026-05-06 18:47:47 [INFO] src.utils.data_loader: Loading cached data from data\EURUSD_M15.csv
2026-05-06 18:47:47 [INFO] src.utils.data_loader: Loading cached data from data\EURUSD_M15.csv
2026-05-06 18:47:53 [INFO] src.utils.data_loader: Loading cached data from data\EURUSD_M15.csv
2026-05-06 18:47:53 [INFO] src.utils.data_loader: Loading cached data from data\EURUSD_M15.csv
2026-05-06 18:47:54 [INFO] src.utils.data_loader: Loading cached data from data\GBPUSD_M15.csv
2026-05-06 18:47:54 [INFO] src.utils.data_loader: Loading cached data from data\GBPUSD_M15.csv
2026-05-06 18:47:55 [INFO] src.utils.data_loader: Loading cached data from data\USDJPY_M15.csv
2026-05-06 18:47:55 [INFO] src.utils.data_loader: Loading cached data from data\USDJPY_M15.csv
2026-05-06 18:48:07 [INFO] src.utils.data_loader: Loading cached data from data\EURUSD_M15.csv
2026-05-06 18:48:07 [WARNING] src.models.train_ensemble: Not enough data for walk-forward; using a single 70/15/15 split
2026-05-06 18:48:57 [INFO] src.utils.data_loader: Loading cached data from data\EURUSD_M15.csv
2026-05-06 18:48:57 [WARNING] src.models.train_ensemble: Not enough data for walk-forward; using a single 70/15/15 split
2026-05-06 18:48:57 [INFO] src.models.train_ensemble: Fold 0: train [2026-02-12 16:30:00..2026-05-05 04:30:00] val [2026-05-05 04:30:00..2026-05-06 00:15:00] test [2026-05-06 00:15:00..2026-05-06 14:15:00]
2026-05-06 18:48:57 [WARNING] src.models.train_ensemble: Fold 0 skipped: insufficient samples
2026-05-06 18:49:14 [INFO] src.utils.data_loader: Loading cached data from data\EURUSD_M15.csv
2026-05-06 18:49:14 [WARNING] src.models.train_ensemble: Not enough data for walk-forward; using a single 70/15/15 split
2026-05-06 18:49:14 [INFO] src.models.train_ensemble: Fold 0: train [2026-02-12 16:30:00..2026-05-05 04:30:00] val [2026-05-05 04:30:00..2026-05-06 00:15:00] test [2026-05-06 00:15:00..2026-05-06 14:15:00]
2026-05-06 18:49:28 [INFO] src.models.lightgbm_model: Bayesian-tuned params: {'num_leaves': 15, 'learning_rate': 0.01, 'feature_fraction': 0.5, 'bagging_fraction': 1.0, 'min_data_in_leaf': 10}
2026-05-06 18:49:28 [INFO] src.models.train_ensemble: Fold 0 AUC test = 0.3000
2026-05-06 18:50:17 [INFO] src.utils.data_loader: Loading cached data from data\EURUSD_M15.csv
2026-05-06 18:50:17 [WARNING] src.models.train_ensemble: Not enough data for walk-forward; using a single 70/15/15 split
2026-05-06 18:50:17 [INFO] src.models.train_ensemble: Fold 0: train [2026-02-12 16:30:00..2026-05-05 04:30:00] val [2026-05-05 04:30:00..2026-05-06 00:15:00] test [2026-05-06 00:15:00..2026-05-06 14:15:00]
2026-05-06 18:50:31 [INFO] src.models.lightgbm_model: Bayesian-tuned params: {'num_leaves': 15, 'learning_rate': 0.01, 'feature_fraction': 0.5, 'bagging_fraction': 1.0, 'min_data_in_leaf': 10}
2026-05-06 18:50:31 [INFO] src.models.train_ensemble: Fold 0 AUC test = 0.3000
2026-05-14 16:27:59 [INFO] src.utils.data_loader: Loading cached data from data\EURUSD_M15.csv
2026-05-14 16:27:59 [WARNING] src.utils.data_loader: EURUSD_M15: only 5621 bars — walk-forward training needs ~20000+. Use MT5 for a full history.
2026-05-14 16:27:59 [INFO] src.utils.data_loader: Loading cached data from data\EURUSD_M15.csv
2026-05-14 16:27:59 [WARNING] src.utils.data_loader: EURUSD_M15: only 5621 bars — walk-forward training needs ~20000+. Use MT5 for a full history.
2026-05-14 16:29:21 [INFO] src.utils.data_loader: Loading cached data from data\EURUSD_M15.csv
2026-05-14 16:29:21 [WARNING] src.utils.data_loader: EURUSD_M15: only 5621 bars — walk-forward training needs ~20000+. Use MT5 for a full history.
2026-05-14 16:29:21 [INFO] src.utils.data_loader: Loading cached data from data\EURUSD_M15.csv
2026-05-14 16:29:21 [WARNING] src.utils.data_loader: EURUSD_M15: only 5621 bars — walk-forward training needs ~20000+. Use MT5 for a full history.
2026-05-14 16:29:21 [INFO] src.utils.data_loader: Loading cached data from data\GBPUSD_M15.csv
2026-05-14 16:29:21 [WARNING] src.utils.data_loader: GBPUSD_M15: only 5621 bars — walk-forward training needs ~20000+. Use MT5 for a full history.
2026-05-14 16:29:21 [INFO] src.utils.data_loader: Loading cached data from data\GBPUSD_M15.csv
2026-05-14 16:29:21 [WARNING] src.utils.data_loader: GBPUSD_M15: only 5621 bars — walk-forward training needs ~20000+. Use MT5 for a full history.
2026-05-14 16:29:22 [INFO] src.utils.data_loader: Loading cached data from data\USDJPY_M15.csv
2026-05-14 16:29:22 [WARNING] src.utils.data_loader: USDJPY_M15: only 5607 bars — walk-forward training needs ~20000+. Use MT5 for a full history.
2026-05-14 16:29:22 [INFO] src.utils.data_loader: Loading cached data from data\USDJPY_M15.csv
2026-05-14 16:29:22 [WARNING] src.utils.data_loader: USDJPY_M15: only 5607 bars — walk-forward training needs ~20000+. Use MT5 for a full history.
2026-05-14 16:29:22 [INFO] src.utils.data_loader: Loading cached data from data\AUDUSD_M15.csv
2026-05-14 16:29:22 [WARNING] src.utils.data_loader: AUDUSD_M15: only 5634 bars — walk-forward training needs ~20000+. Use MT5 for a full history.
2026-05-14 16:29:22 [INFO] src.utils.data_loader: Loading cached data from data\AUDUSD_M15.csv
2026-05-14 16:29:22 [WARNING] src.utils.data_loader: AUDUSD_M15: only 5634 bars — walk-forward training needs ~20000+. Use MT5 for a full history.
2026-05-14 16:29:23 [INFO] src.utils.data_loader: Loading cached data from data\USDCAD_M15.csv
2026-05-14 16:29:23 [WARNING] src.utils.data_loader: USDCAD_M15: only 5620 bars — walk-forward training needs ~20000+. Use MT5 for a full history.
2026-05-14 16:29:23 [INFO] src.utils.data_loader: Loading cached data from data\USDCAD_M15.csv
2026-05-14 16:29:23 [WARNING] src.utils.data_loader: USDCAD_M15: only 5620 bars — walk-forward training needs ~20000+. Use MT5 for a full history.
2026-05-14 16:29:24 [INFO] src.utils.data_loader: Loading cached data from data\NZDUSD_M15.csv
2026-05-14 16:29:24 [WARNING] src.utils.data_loader: NZDUSD_M15: only 5638 bars — walk-forward training needs ~20000+. Use MT5 for a full history.
2026-05-14 16:29:24 [INFO] src.utils.data_loader: Loading cached data from data\NZDUSD_M15.csv
2026-05-14 16:29:24 [WARNING] src.utils.data_loader: NZDUSD_M15: only 5638 bars — walk-forward training needs ~20000+. Use MT5 for a full history.
2026-05-14 16:31:19 [INFO] src.utils.data_loader: Loading cached data from data\EURUSD_M15.csv
2026-05-14 16:31:19 [WARNING] src.utils.data_loader: EURUSD_M15: only 5621 bars — walk-forward training needs ~20000+. Use MT5 for a full history.
2026-05-14 16:31:19 [INFO] src.utils.data_loader: Loading cached data from data\EURUSD_M15.csv
2026-05-14 16:31:19 [WARNING] src.utils.data_loader: EURUSD_M15: only 5621 bars — walk-forward training needs ~20000+. Use MT5 for a full history.
2026-05-14 16:31:19 [INFO] src.utils.data_loader: Loading cached data from data\GBPUSD_M15.csv
2026-05-14 16:31:19 [WARNING] src.utils.data_loader: GBPUSD_M15: only 5621 bars — walk-forward training needs ~20000+. Use MT5 for a full history.
2026-05-14 16:31:19 [INFO] src.utils.data_loader: Loading cached data from data\GBPUSD_M15.csv
2026-05-14 16:31:19 [WARNING] src.utils.data_loader: GBPUSD_M15: only 5621 bars — walk-forward training needs ~20000+. Use MT5 for a full history.
2026-05-14 16:31:20 [INFO] src.utils.data_loader: Loading cached data from data\USDJPY_M15.csv
2026-05-14 16:31:20 [WARNING] src.utils.data_loader: USDJPY_M15: only 5607 bars — walk-forward training needs ~20000+. Use MT5 for a full history.
2026-05-14 16:31:20 [INFO] src.utils.data_loader: Loading cached data from data\USDJPY_M15.csv
2026-05-14 16:31:20 [WARNING] src.utils.data_loader: USDJPY_M15: only 5607 bars — walk-forward training needs ~20000+. Use MT5 for a full history.
2026-05-14 16:31:20 [INFO] src.utils.data_loader: Loading cached data from data\AUDUSD_M15.csv
2026-05-14 16:31:20 [WARNING] src.utils.data_loader: AUDUSD_M15: only 5634 bars — walk-forward training needs ~20000+. Use MT5 for a full history.
2026-05-14 16:31:20 [INFO] src.utils.data_loader: Loading cached data from data\AUDUSD_M15.csv
2026-05-14 16:31:20 [WARNING] src.utils.data_loader: AUDUSD_M15: only 5634 bars — walk-forward training needs ~20000+. Use MT5 for a full history.
2026-05-14 16:31:21 [INFO] src.utils.data_loader: Loading cached data from data\USDCAD_M15.csv
2026-05-14 16:31:21 [WARNING] src.utils.data_loader: USDCAD_M15: only 5620 bars — walk-forward training needs ~20000+. Use MT5 for a full history.
2026-05-14 16:31:21 [INFO] src.utils.data_loader: Loading cached data from data\USDCAD_M15.csv
2026-05-14 16:31:21 [WARNING] src.utils.data_loader: USDCAD_M15: only 5620 bars — walk-forward training needs ~20000+. Use MT5 for a full history.
2026-05-14 16:31:21 [INFO] src.utils.data_loader: Loading cached data from data\NZDUSD_M15.csv
2026-05-14 16:31:21 [WARNING] src.utils.data_loader: NZDUSD_M15: only 5638 bars — walk-forward training needs ~20000+. Use MT5 for a full history.
2026-05-14 16:31:21 [INFO] src.utils.data_loader: Loading cached data from data\NZDUSD_M15.csv
2026-05-14 16:31:21 [WARNING] src.utils.data_loader: NZDUSD_M15: only 5638 bars — walk-forward training needs ~20000+. Use MT5 for a full history.
2026-05-14 16:31:46 [INFO] src.utils.data_loader: Loading cached data from data\EURUSD_M15.csv
2026-05-14 16:31:46 [WARNING] src.utils.data_loader: EURUSD_M15: only 5621 bars — walk-forward training needs ~20000+. Use MT5 for a full history.
2026-05-14 16:31:47 [WARNING] src.models.train_ensemble: Not enough data for walk-forward; using a single 70/15/15 split
2026-05-14 16:31:47 [INFO] src.models.train_ensemble: Fold 0: train [2026-02-12 16:30:00..2026-05-05 14:00:00] val [2026-05-05 14:00:00..2026-05-06 04:15:00] test [2026-05-06 04:15:00..2026-05-06 14:30:00]
2026-05-14 16:32:04 [INFO] src.models.lightgbm_model: Bayesian-tuned params: {'num_leaves': 127, 'learning_rate': 0.2, 'feature_fraction': 1.0, 'bagging_fraction': 1.0, 'min_data_in_leaf': 10}
2026-05-14 16:32:04 [INFO] src.models.train_ensemble: Fold 0 AUC test = 0.1667
2026-05-14 16:32:04 [INFO] src.models.train_ensemble: OOF meta-model trained on 6 samples across 1 folds
